0 info it worked if it ends with ok
1 verbose cli [ '/usr/bin/nodejs',
1 verbose cli   '/usr/lib/node_modules/npm/bin/npm-cli.js',
1 verbose cli   'run-script',
1 verbose cli   'start' ]
2 info using npm@2.15.1
3 info using node@v4.4.4
4 verbose run-script [ 'prestart', 'start', 'poststart' ]
5 info prestart whatapop@1.0.0
6 info start whatapop@1.0.0
7 verbose unsafe-perm in lifecycle true
8 info whatapop@1.0.0 Failed to exec start script
9 verbose stack Error: whatapop@1.0.0 start: `./index.html`
9 verbose stack Exit status 126
9 verbose stack     at EventEmitter.<anonymous> (/usr/lib/node_modules/npm/lib/utils/lifecycle.js:217:16)
9 verbose stack     at emitTwo (events.js:87:13)
9 verbose stack     at EventEmitter.emit (events.js:172:7)
9 verbose stack     at ChildProcess.<anonymous> (/usr/lib/node_modules/npm/lib/utils/spawn.js:24:14)
9 verbose stack     at emitTwo (events.js:87:13)
9 verbose stack     at ChildProcess.emit (events.js:172:7)
9 verbose stack     at maybeClose (internal/child_process.js:827:16)
9 verbose stack     at Process.ChildProcess._handle.onexit (internal/child_process.js:211:5)
10 verbose pkgid whatapop@1.0.0
11 verbose cwd /home/manuel/WebstormProjects/whatapop
12 error Linux 4.2.0-36-generic
13 error argv "/usr/bin/nodejs" "/usr/lib/node_modules/npm/bin/npm-cli.js" "run-script" "start"
14 error node v4.4.4
15 error npm  v2.15.1
16 error code ELIFECYCLE
17 error whatapop@1.0.0 start: `./index.html`
17 error Exit status 126
18 error Failed at the whatapop@1.0.0 start script './index.html'.
18 error This is most likely a problem with the whatapop package,
18 error not with npm itself.
18 error Tell the author that this fails on your system:
18 error     ./index.html
18 error You can get information on how to open an issue for this project with:
18 error     npm bugs whatapop
18 error Or if that isn't available, you can get their info via:
18 error
18 error     npm owner ls whatapop
18 error There is likely additional logging output above.
19 verbose exit [ 1, true ]
